[05:50:51] [ServerMain/INFO]: Environment: Environment[sessionHost=https://sessionserver.mojang.com, servicesHost=https://api.minecraftservices.com, name=PROD]
[05:50:51] [ServerMain/INFO]: No existing world data, creating new world
[05:50:52] [ServerMain/INFO]: Loaded 1290 recipes
[05:50:52] [ServerMain/INFO]: Loaded 1399 advancements
[05:50:52] [Server thread/INFO]: Starting minecraft server version 1.21.1
[05:50:52] [Server thread/INFO]: Loading properties
[05:50:52] [Server thread/INFO]: Default game type: SURVIVAL
[05:50:52] [Server thread/INFO]: Generating keypair
[05:50:53] [Server thread/INFO]: Starting Minecraft server on *:25565
[05:50:53] [Server thread/INFO]: Using epoll channel type
[05:50:53] [Server thread/WARN]: **** SERVER IS RUNNING IN OFFLINE/INSECURE MODE!
[05:50:53] [Server thread/WARN]: The server will make no attempt to authenticate usernames. Beware.
[05:50:53] [Server thread/WARN]: While this makes the game possible to play without internet access, it also opens up the ability for hackers to connect with any username they choose.
[05:50:53] [Server thread/WARN]: To change this, set "online-mode" to "true" in the server.properties file.
[05:50:53] [Server thread/INFO]: Preparing level "world"
[05:50:58] [Server thread/INFO]: Preparing start region for dimension minecraft:overworld
[05:50:58] [Worker-Main-2/INFO]: Preparing spawn area: 2%
[05:50:59] [Worker-Main-1/INFO]: Preparing spawn area: 2%
[05:50:59] [Worker-Main-2/INFO]: Preparing spawn area: 2%
[05:51:00] [Worker-Main-3/INFO]: Preparing spawn area: 2%
[05:51:00] [Worker-Main-2/INFO]: Preparing spawn area: 18%
[05:51:01] [Worker-Main-2/INFO]: Preparing spawn area: 18%
[05:51:01] [Worker-Main-2/INFO]: Preparing spawn area: 18%
[05:51:02] [Worker-Main-3/INFO]: Preparing spawn area: 51%
[05:51:02] [Worker-Main-3/INFO]: Preparing spawn area: 51%
[05:51:03] [Worker-Main-2/INFO]: Preparing spawn area: 53%
[05:51:03] [Server thread/INFO]: Time elapsed: 4620 ms
[05:51:03] [Server thread/INFO]: Done (9.984s)! For help, type "help"
[05:54:21] [Server thread/INFO]: TomasuHD[/100.71.52.58:53591] logged in with entity id 32 at (-95.5, 66.0, 36.5)
[05:54:21] [Server thread/INFO]: TomasuHD joined the game
[05:54:29] [Server thread/INFO]: TomasuHD lost connection: Disconnected
[05:54:29] [Server thread/INFO]: TomasuHD left the game
[05:56:37] [Server thread/INFO]: TomasuHD[/100.71.52.58:53687] logged in with entity id 135 at (-86.52528845341347, 68.0, 38.14326319663058)
[05:56:37] [Server thread/INFO]: TomasuHD joined the game
